mode: set
github.com/Shopify/themekit/cmd/remove.go:20.77,22.37 2 1
github.com/Shopify/themekit/cmd/remove.go:22.37,25.3 2 1
github.com/Shopify/themekit/cmd/remove.go:28.81,31.16 3 1
github.com/Shopify/themekit/cmd/remove.go:31.16,33.3 1 0
github.com/Shopify/themekit/cmd/remove.go:33.3,40.3 2 1
github.com/Shopify/themekit/cmd/replace.go:21.78,24.25 3 1
github.com/Shopify/themekit/cmd/replace.go:55.2,55.42 1 1
github.com/Shopify/themekit/cmd/replace.go:24.25,26.23 2 1
github.com/Shopify/themekit/cmd/replace.go:31.3,31.32 1 1
github.com/Shopify/themekit/cmd/replace.go:35.3,36.22 2 1
github.com/Shopify/themekit/cmd/replace.go:41.3,41.37 1 1
github.com/Shopify/themekit/cmd/replace.go:26.23,29.4 2 0
github.com/Shopify/themekit/cmd/replace.go:31.32,33.4 1 1
github.com/Shopify/themekit/cmd/replace.go:36.22,39.4 2 0
github.com/Shopify/themekit/cmd/replace.go:41.37,43.4 1 1
github.com/Shopify/themekit/cmd/replace.go:44.3,45.38 1 1
github.com/Shopify/themekit/cmd/replace.go:45.38,47.18 2 1
github.com/Shopify/themekit/cmd/replace.go:51.4,51.37 1 1
github.com/Shopify/themekit/cmd/replace.go:47.18,50.5 2 0
github.com/Shopify/themekit/cmd/replace.go:55.42,58.3 2 1
github.com/Shopify/themekit/cmd/replace.go:61.103,63.16 2 1
github.com/Shopify/themekit/cmd/replace.go:73.2,73.11 1 1
github.com/Shopify/themekit/cmd/replace.go:63.16,65.3 1 0
github.com/Shopify/themekit/cmd/replace.go:65.3,72.3 1 1
github.com/Shopify/themekit/cmd/version.go:13.47,15.3 1 0
github.com/Shopify/themekit/cmd/bootstrap.go:30.54,33.3 2 0
github.com/Shopify/themekit/cmd/bootstrap.go:36.24,38.16 2 1
github.com/Shopify/themekit/cmd/bootstrap.go:42.2,50.16 4 1
github.com/Shopify/themekit/cmd/bootstrap.go:54.2,54.57 1 1
github.com/Shopify/themekit/cmd/bootstrap.go:58.2,65.37 2 1
github.com/Shopify/themekit/cmd/bootstrap.go:38.16,40.3 1 0
github.com/Shopify/themekit/cmd/bootstrap.go:50.16,52.3 1 1
github.com/Shopify/themekit/cmd/bootstrap.go:54.57,56.3 1 0
github.com/Shopify/themekit/cmd/bootstrap.go:68.56,69.29 1 1
github.com/Shopify/themekit/cmd/bootstrap.go:73.2,74.16 2 1
github.com/Shopify/themekit/cmd/bootstrap.go:78.2,79.16 2 1
github.com/Shopify/themekit/cmd/bootstrap.go:83.2,83.34 1 1
github.com/Shopify/themekit/cmd/bootstrap.go:69.29,71.3 1 1
github.com/Shopify/themekit/cmd/bootstrap.go:74.16,76.3 1 1
github.com/Shopify/themekit/cmd/bootstrap.go:79.16,81.3 1 1
github.com/Shopify/themekit/cmd/bootstrap.go:86.37,88.2 1 1
github.com/Shopify/themekit/cmd/bootstrap.go:90.44,92.16 2 1
github.com/Shopify/themekit/cmd/bootstrap.go:95.2,98.16 3 1
github.com/Shopify/themekit/cmd/bootstrap.go:101.2,101.18 1 1
github.com/Shopify/themekit/cmd/bootstrap.go:92.16,94.3 1 0
github.com/Shopify/themekit/cmd/bootstrap.go:98.16,100.3 1 1
github.com/Shopify/themekit/cmd/bootstrap.go:104.74,105.30 1 1
github.com/Shopify/themekit/cmd/bootstrap.go:108.2,108.37 1 1
github.com/Shopify/themekit/cmd/bootstrap.go:113.2,113.83 1 1
github.com/Shopify/themekit/cmd/bootstrap.go:105.30,107.3 1 1
github.com/Shopify/themekit/cmd/bootstrap.go:108.37,109.29 1 1
github.com/Shopify/themekit/cmd/bootstrap.go:109.29,111.4 1 1
github.com/Shopify/themekit/cmd/bootstrap.go:116.69,119.37 2 1
github.com/Shopify/themekit/cmd/bootstrap.go:123.2,126.43 1 1
github.com/Shopify/themekit/cmd/bootstrap.go:119.37,121.3 1 1
github.com/Shopify/themekit/cmd/configure.go:16.54,19.17 3 0
github.com/Shopify/themekit/cmd/configure.go:22.3,22.35 1 0
github.com/Shopify/themekit/cmd/configure.go:19.17,21.4 1 0
github.com/Shopify/themekit/cmd/configure.go:26.56,28.39 2 1
github.com/Shopify/themekit/cmd/configure.go:31.2,32.29 2 1
github.com/Shopify/themekit/cmd/configure.go:28.39,30.3 1 1
github.com/Shopify/themekit/cmd/theme.go:30.38,32.2 1 1
github.com/Shopify/themekit/cmd/theme.go:34.46,35.20 1 0
github.com/Shopify/themekit/cmd/theme.go:38.2,38.12 1 0
github.com/Shopify/themekit/cmd/theme.go:35.20,37.3 1 0
github.com/Shopify/themekit/cmd/theme.go:41.36,43.2 1 0
github.com/Shopify/themekit/cmd/theme.go:45.39,46.25 1 1
github.com/Shopify/themekit/cmd/theme.go:49.2,49.18 1 0
github.com/Shopify/themekit/cmd/theme.go:46.25,48.3 1 1
github.com/Shopify/themekit/cmd/theme.go:87.13,115.2 22 1
github.com/Shopify/themekit/cmd/theme.go:117.56,120.53 2 1
github.com/Shopify/themekit/cmd/theme.go:124.2,127.70 3 1
github.com/Shopify/themekit/cmd/theme.go:131.2,131.14 1 1
github.com/Shopify/themekit/cmd/theme.go:139.2,139.32 1 1
github.com/Shopify/themekit/cmd/theme.go:151.2,151.26 1 1
github.com/Shopify/themekit/cmd/theme.go:120.53,122.3 1 0
github.com/Shopify/themekit/cmd/theme.go:127.70,129.3 1 1
github.com/Shopify/themekit/cmd/theme.go:131.14,133.17 2 1
github.com/Shopify/themekit/cmd/theme.go:136.3,136.67 1 1
github.com/Shopify/themekit/cmd/theme.go:133.17,135.4 1 1
github.com/Shopify/themekit/cmd/theme.go:139.32,141.17 2 1
github.com/Shopify/themekit/cmd/theme.go:144.3,145.17 2 1
github.com/Shopify/themekit/cmd/theme.go:148.3,148.46 1 1
github.com/Shopify/themekit/cmd/theme.go:141.17,143.4 1 0
github.com/Shopify/themekit/cmd/theme.go:145.17,147.4 1 0
github.com/Shopify/themekit/cmd/theme.go:157.58,158.55 1 1
github.com/Shopify/themekit/cmd/theme.go:158.55,160.17 2 1
github.com/Shopify/themekit/cmd/theme.go:163.3,164.39 2 1
github.com/Shopify/themekit/cmd/theme.go:168.3,169.13 2 1
github.com/Shopify/themekit/cmd/theme.go:160.17,162.4 1 1
github.com/Shopify/themekit/cmd/theme.go:164.39,167.4 2 1
github.com/Shopify/themekit/cmd/theme.go:173.22,184.2 1 1
github.com/Shopify/themekit/cmd/update.go:15.54,17.3 1 0
github.com/Shopify/themekit/cmd/upload.go:20.77,22.25 2 1
github.com/Shopify/themekit/cmd/upload.go:22.25,24.17 2 1
github.com/Shopify/themekit/cmd/upload.go:29.3,29.37 1 1
github.com/Shopify/themekit/cmd/upload.go:24.17,27.4 2 0
github.com/Shopify/themekit/cmd/upload.go:29.37,32.4 2 1
github.com/Shopify/themekit/cmd/upload.go:33.3,34.38 1 1
github.com/Shopify/themekit/cmd/upload.go:34.38,36.18 2 1
github.com/Shopify/themekit/cmd/upload.go:40.4,41.39 2 1
github.com/Shopify/themekit/cmd/upload.go:36.18,39.5 2 0
github.com/Shopify/themekit/cmd/upload.go:46.81,48.16 2 1
github.com/Shopify/themekit/cmd/upload.go:57.2,57.11 1 1
github.com/Shopify/themekit/cmd/upload.go:48.16,50.3 1 0
github.com/Shopify/themekit/cmd/upload.go:50.3,56.3 1 1
github.com/Shopify/themekit/cmd/watch.go:20.54,22.17 2 0
github.com/Shopify/themekit/cmd/watch.go:25.3,25.29 1 0
github.com/Shopify/themekit/cmd/watch.go:22.17,24.4 1 0
github.com/Shopify/themekit/cmd/watch.go:29.50,31.15 2 1
github.com/Shopify/themekit/cmd/watch.go:38.2,38.38 1 1
github.com/Shopify/themekit/cmd/watch.go:47.2,50.12 3 1
github.com/Shopify/themekit/cmd/watch.go:31.15,33.36 2 1
github.com/Shopify/themekit/cmd/watch.go:33.36,35.4 1 1
github.com/Shopify/themekit/cmd/watch.go:38.38,41.17 3 1
github.com/Shopify/themekit/cmd/watch.go:44.3,44.39 1 1
github.com/Shopify/themekit/cmd/watch.go:41.17,43.4 1 0
github.com/Shopify/themekit/cmd/watch.go:53.96,54.16 1 1
github.com/Shopify/themekit/cmd/watch.go:59.2,65.16 3 1
github.com/Shopify/themekit/cmd/watch.go:54.16,57.3 2 1
github.com/Shopify/themekit/cmd/watch.go:65.16,67.3 1 0
github.com/Shopify/themekit/cmd/watch.go:67.3,74.3 1 1
github.com/Shopify/themekit/cmd/download.go:22.54,24.17 2 0
github.com/Shopify/themekit/cmd/download.go:27.3,27.41 1 0
github.com/Shopify/themekit/cmd/download.go:24.17,26.4 1 0
github.com/Shopify/themekit/cmd/download.go:31.65,32.25 1 1
github.com/Shopify/themekit/cmd/download.go:55.2,55.12 1 1
github.com/Shopify/themekit/cmd/download.go:32.25,35.17 3 1
github.com/Shopify/themekit/cmd/download.go:38.3,38.32 1 1
github.com/Shopify/themekit/cmd/download.go:35.17,37.4 1 0
github.com/Shopify/themekit/cmd/download.go:38.32,39.70 1 0
github.com/Shopify/themekit/cmd/download.go:39.70,41.5 1 0
github.com/Shopify/themekit/cmd/download.go:43.3,44.38 1 1
github.com/Shopify/themekit/cmd/download.go:44.38,47.18 3 1
github.com/Shopify/themekit/cmd/download.go:50.4,50.70 1 1
github.com/Shopify/themekit/cmd/download.go:47.18,49.5 1 1
github.com/Shopify/themekit/cmd/download.go:50.70,52.5 1 0
github.com/Shopify/themekit/cmd/download.go:58.59,60.16 2 1
github.com/Shopify/themekit/cmd/download.go:64.2,66.16 3 1
github.com/Shopify/themekit/cmd/download.go:70.2,71.16 2 1
github.com/Shopify/themekit/cmd/download.go:74.2,77.16 3 1
github.com/Shopify/themekit/cmd/download.go:81.2,81.54 1 1
github.com/Shopify/themekit/cmd/download.go:85.2,86.12 2 1
github.com/Shopify/themekit/cmd/download.go:60.16,62.3 1 1
github.com/Shopify/themekit/cmd/download.go:66.16,68.3 1 0
github.com/Shopify/themekit/cmd/download.go:71.16,73.3 1 0
github.com/Shopify/themekit/cmd/download.go:77.16,79.3 1 0
github.com/Shopify/themekit/cmd/download.go:81.54,83.3 1 0
github.com/Shopify/themekit/cmd/download.go:89.56,92.9 3 1
github.com/Shopify/themekit/cmd/download.go:100.2,100.18 1 1
github.com/Shopify/themekit/cmd/download.go:93.2,94.29 1 1
github.com/Shopify/themekit/cmd/download.go:95.2,96.80 1 1
github.com/Shopify/themekit/cmd/download.go:96.80,98.4 1 1
github.com/Shopify/themekit/cmd/download.go:103.65,104.20 1 1
github.com/Shopify/themekit/cmd/download.go:108.2,109.35 2 1
github.com/Shopify/themekit/cmd/download.go:104.20,106.3 1 1
github.com/Shopify/themekit/cmd/download.go:110.2,113.33 3 1
github.com/Shopify/themekit/cmd/download.go:114.2,115.26 1 1
